2023-04-10 11:06:03.987  INFO 20380 --- [restartedMain] c.c.m.MySpringsecurityPlusApplication    : Starting MySpringsecurityPlusApplication on HLS-TSJ-223 with PID 20380 (D:\Helens-projects\my-springsecurity-plus\target\classes started by Wu in D:\Helens-projects\my-springsecurity-plus)
2023-04-10 11:06:03.995  INFO 20380 --- [restartedMain] c.c.m.MySpringsecurityPlusApplication    : The following profiles are active: dev
2023-04-10 11:06:04.036  INFO 20380 --- [restartedMain] .e.DevToolsPropertyDefaultsPostProcessor : Devtools property defaults active! Set 'spring.devtools.add-properties' to 'false' to disable
2023-04-10 11:06:04.037  INFO 20380 --- [restartedMain] .e.DevToolsPropertyDefaultsPostProcessor : For additional web related logging consider setting the 'logging.level.web' property to 'DEBUG'
2023-04-10 11:06:04.763  INFO 20380 --- [restartedMain] .s.d.r.c.RepositoryConfigurationDelegate : Multiple Spring Data modules found, entering strict repository configuration mode!
2023-04-10 11:06:04.765  INFO 20380 --- [restartedMain] .s.d.r.c.RepositoryConfigurationDelegate : Bootstrapping Spring Data Redis repositories in DEFAULT mode.
2023-04-10 11:06:04.787  INFO 20380 --- [restartedMain] .s.d.r.c.RepositoryConfigurationDelegate : Finished Spring Data repository scanning in 12ms. Found 0 Redis repository interfaces.
2023-04-10 11:06:05.116  INFO 20380 --- [restartedMain] trationDelegate$BeanPostProcessorChecker : Bean 'org.springframework.security.access.expression.method.DefaultMethodSecurityExpressionHandler@30e16fd7' of type [org.springframework.security.access.expression.method.DefaultMethodSecurityExpressionHandler] is not eligible for getting processed by all BeanPostProcessors (for example: not eligible for auto-proxying)
2023-04-10 11:06:05.120  INFO 20380 --- [restartedMain] trationDelegate$BeanPostProcessorChecker : Bean 'methodSecurityMetadataSource' of type [org.springframework.security.access.method.DelegatingMethodSecurityMetadataSource] is not eligible for getting processed by all BeanPostProcessors (for example: not eligible for auto-proxying)
2023-04-10 11:06:05.314  INFO 20380 --- [restartedMain] o.s.b.w.embedded.tomcat.TomcatWebServer  : Tomcat initialized with port(s): 8088 (http)
2023-04-10 11:06:05.320  INFO 20380 --- [restartedMain] o.apache.catalina.core.StandardService   : Starting service [Tomcat]
2023-04-10 11:06:05.320  INFO 20380 --- [restartedMain] org.apache.catalina.core.StandardEngine  : Starting Servlet engine: [Apache Tomcat/9.0.36]
2023-04-10 11:06:05.373  INFO 20380 --- [restartedMain] o.a.c.c.C.[Tomcat].[localhost].[/]       : Initializing Spring embedded WebApplicationContext
2023-04-10 11:06:05.373  INFO 20380 --- [restartedMain] w.s.c.ServletWebServerApplicationContext : Root WebApplicationContext: initialization completed in 1336 ms
2023-04-10 11:06:05.448  INFO 20380 --- [restartedMain] c.a.d.s.b.a.DruidDataSourceAutoConfigure : Init DruidDataSource
2023-04-10 11:06:05.708  INFO 20380 --- [restartedMain] com.alibaba.druid.pool.DruidDataSource   : {dataSource-1} inited
2023-04-10 11:06:06.311  INFO 20380 --- [restartedMain] pertySourcedRequestMappingHandlerMapping : Mapped URL path [/v2/api-docs] onto method [springfox.documentation.swagger2.web.Swagger2Controller#getDocumentation(String, HttpServletRequest)]
2023-04-10 11:06:06.399  INFO 20380 --- [restartedMain] o.s.s.web.DefaultSecurityFilterChain     : Creating filter chain: Ant [pattern='/swagger-resources/**', GET], []
2023-04-10 11:06:06.399  INFO 20380 --- [restartedMain] o.s.s.web.DefaultSecurityFilterChain     : Creating filter chain: Ant [pattern='/PearAdmin/**', GET], []
2023-04-10 11:06:06.399  INFO 20380 --- [restartedMain] o.s.s.web.DefaultSecurityFilterChain     : Creating filter chain: Ant [pattern='/component/**', GET], []
2023-04-10 11:06:06.399  INFO 20380 --- [restartedMain] o.s.s.web.DefaultSecurityFilterChain     : Creating filter chain: Ant [pattern='/admin/**', GET], []
2023-04-10 11:06:06.399  INFO 20380 --- [restartedMain] o.s.s.web.DefaultSecurityFilterChain     : Creating filter chain: Ant [pattern='/**/*.html', GET], []
2023-04-10 11:06:06.399  INFO 20380 --- [restartedMain] o.s.s.web.DefaultSecurityFilterChain     : Creating filter chain: Ant [pattern='/**/*.css', GET], []
2023-04-10 11:06:06.399  INFO 20380 --- [restartedMain] o.s.s.web.DefaultSecurityFilterChain     : Creating filter chain: Ant [pattern='/**/*.js', GET], []
2023-04-10 11:06:06.399  INFO 20380 --- [restartedMain] o.s.s.web.DefaultSecurityFilterChain     : Creating filter chain: Ant [pattern='/swagger-ui.html', GET], []
2023-04-10 11:06:06.399  INFO 20380 --- [restartedMain] o.s.s.web.DefaultSecurityFilterChain     : Creating filter chain: Ant [pattern='/webjars/**', GET], []
2023-04-10 11:06:06.399  INFO 20380 --- [restartedMain] o.s.s.web.DefaultSecurityFilterChain     : Creating filter chain: Ant [pattern='/v2/**', GET], []
2023-04-10 11:06:06.400  INFO 20380 --- [restartedMain] o.s.s.web.DefaultSecurityFilterChain     : Creating filter chain: Ant [pattern='/druid/**', GET], []
2023-04-10 11:06:06.429  INFO 20380 --- [restartedMain] o.s.s.web.DefaultSecurityFilterChain     : Creating filter chain: any request, [org.springframework.security.web.context.request.async.WebAsyncManagerIntegrationFilter@24b4f6ee, org.springframework.security.web.context.SecurityContextPersistenceFilter@6f74713f, org.springframework.security.web.header.HeaderWriterFilter@33ea7e24, org.springframework.security.web.authentication.logout.LogoutFilter@6540c2ea, com.codermy.myspringsecurityplus.security.filter.VerifyCodeFilter@5e6422d, org.springframework.security.web.authentication.UsernamePasswordAuthenticationFilter@202c504d, org.springframework.security.web.authentication.www.BasicAuthenticationFilter@2801acb1, org.springframework.security.web.savedrequest.RequestCacheAwareFilter@68bc113, org.springframework.security.web.servletapi.SecurityContextHolderAwareRequestFilter@50e6aae9, org.springframework.security.web.authentication.rememberme.RememberMeAuthenticationFilter@d3e1e2f, org.springframework.security.web.authentication.AnonymousAuthenticationFilter@6658740d, org.springframework.security.web.session.SessionManagementFilter@4a477a38, org.springframework.security.web.access.ExceptionTranslationFilter@4f7abbce, org.springframework.security.web.access.intercept.FilterSecurityInterceptor@3c72ba3c]
2023-04-10 11:06:06.502  INFO 20380 --- [restartedMain] o.s.s.concurrent.ThreadPoolTaskExecutor  : Initializing ExecutorService 'applicationTaskExecutor'
2023-04-10 11:06:06.542  INFO 20380 --- [restartedMain] o.s.b.d.a.OptionalLiveReloadServer       : LiveReload server is running on port 35729
2023-04-10 11:06:06.565  INFO 20380 --- [restartedMain] o.s.b.a.w.s.WelcomePageHandlerMapping    : Adding welcome page template: index
2023-04-10 11:06:06.986  INFO 20380 --- [restartedMain] o.s.b.w.embedded.tomcat.TomcatWebServer  : Tomcat started on port(s): 8088 (http) with context path ''
2023-04-10 11:06:06.987  INFO 20380 --- [restartedMain] d.s.w.p.DocumentationPluginsBootstrapper : Context refreshed
2023-04-10 11:06:06.997  INFO 20380 --- [restartedMain] d.s.w.p.DocumentationPluginsBootstrapper : Found 1 custom documentation plugin(s)
2023-04-10 11:06:07.022  INFO 20380 --- [restartedMain] s.d.s.w.s.ApiListingReferenceScanner     : Scanning for api listing references
2023-04-10 11:06:07.131  INFO 20380 --- [restartedMain] .d.s.w.r.o.CachingOperationNameGenerator : Generating unique operation named: deleteDictUsingDELETE_1
2023-04-10 11:06:07.149  INFO 20380 --- [restartedMain] .d.s.w.r.o.CachingOperationNameGenerator : Generating unique operation named: addJobUsingGET_1
2023-04-10 11:06:07.150  INFO 20380 --- [restartedMain] .d.s.w.r.o.CachingOperationNameGenerator : Generating unique operation named: changeStatusUsingPUT_1
2023-04-10 11:06:07.151  INFO 20380 --- [restartedMain] .d.s.w.r.o.CachingOperationNameGenerator : Generating unique operation named: deleteRoleUsingDELETE_1
2023-04-10 11:06:07.155  INFO 20380 --- [restartedMain] .d.s.w.r.o.CachingOperationNameGenerator : Generating unique operation named: indexUsingGET_1
2023-04-10 11:06:07.165  INFO 20380 --- [restartedMain] .d.s.w.r.o.CachingOperationNameGenerator : Generating unique operation named: editPermissionUsingGET_1
2023-04-10 11:06:07.166  INFO 20380 --- [restartedMain] .d.s.w.r.o.CachingOperationNameGenerator : Generating unique operation named: indexUsingGET_2
2023-04-10 11:06:07.169  INFO 20380 --- [restartedMain] .d.s.w.r.o.CachingOperationNameGenerator : Generating unique operation named: savePermissionUsingPOST_1
2023-04-10 11:06:07.170  INFO 20380 --- [restartedMain] .d.s.w.r.o.CachingOperationNameGenerator : Generating unique operation named: updateMenuUsingPUT_1
2023-04-10 11:06:07.175  INFO 20380 --- [restartedMain] .d.s.w.r.o.CachingOperationNameGenerator : Generating unique operation named: deleteRoleUsingDELETE_2
2023-04-10 11:06:07.176  INFO 20380 --- [restartedMain] .d.s.w.r.o.CachingOperationNameGenerator : Generating unique operation named: editRoleUsingGET_1
2023-04-10 11:06:07.183  INFO 20380 --- [restartedMain] .d.s.w.r.o.CachingOperationNameGenerator : Generating unique operation named: changeStatusUsingPUT_2
2023-04-10 11:06:07.202  INFO 20380 --- [restartedMain] c.c.m.MySpringsecurityPlusApplication    : Started MySpringsecurityPlusApplication in 3.488 seconds (JVM running for 4.299)
2023-04-10 11:06:15.025  INFO 20380 --- [http-nio-8088-exec-1] o.a.c.c.C.[Tomcat].[localhost].[/]       : Initializing Spring DispatcherServlet 'dispatcherServlet'
2023-04-10 11:06:15.025  INFO 20380 --- [http-nio-8088-exec-1] o.s.web.servlet.DispatcherServlet        : Initializing Servlet 'dispatcherServlet'
2023-04-10 11:06:15.031  INFO 20380 --- [http-nio-8088-exec-1] o.s.web.servlet.DispatcherServlet        : Completed initialization in 6 ms
2023-04-10 11:07:09.191  INFO 20380 --- [SpringContextShutdownHook] o.s.s.concurrent.ThreadPoolTaskExecutor  : Shutting down ExecutorService 'applicationTaskExecutor'
2023-04-10 11:07:09.193  INFO 20380 --- [SpringContextShutdownHook] com.alibaba.druid.pool.DruidDataSource   : {dataSource-1} closing ...
2023-04-10 11:07:09.198  INFO 20380 --- [SpringContextShutdownHook] com.alibaba.druid.pool.DruidDataSource   : {dataSource-1} closed
